-------------------------------------------------------------------------------
Test set: be.odisee.jzzz.JzzzToegangApplicationTests
-------------------------------------------------------------------------------
Tests run: 1, Failures: 0, Errors: 1, Skipped: 0, Time elapsed: 4.333 s <<< FAILURE! - in be.odisee.jzzz.JzzzToegangApplicationTests
contextLoads  Time elapsed: 0.009 s  <<< ERROR!
java.lang.IllegalStateException: Failed to load ApplicationContext for [WebMergedContextConfiguration@6e466fdf testClass = be.odisee.jzzz.JzzzToegangApplicationTests, locations = [], classes = [be.odisee.jzzz.BeerensFactuurApplication], contextInitializerClasses = [], activeProfiles = [], propertySourceDescriptors = [], propertySourceProperties = ["org.springframework.boot.test.context.SpringBootTestContextBootstrapper=true"], contextCustomizers = [org.springframework.boot.test.context.filter.ExcludeFilterContextCustomizer@618425b5, org.springframework.boot.test.json.DuplicateJsonObjectContextCustomizerFactory$DuplicateJsonObjectContextCustomizer@5d7148e2, org.springframework.boot.test.mock.mockito.MockitoContextCustomizer@0, org.springframework.boot.test.web.client.TestRestTemplateContextCustomizer@5a56cdac, org.springframework.boot.test.autoconfigure.actuate.observability.ObservabilityContextCustomizerFactory$DisableObservabilityContextCustomizer@1f, org.springframework.boot.test.autoconfigure.properties.PropertyMappingContextCustomizer@0, org.springframework.boot.test.autoconfigure.web.servlet.WebDriverContextCustomizer@26e356f0, org.springframework.boot.test.context.SpringBootTestAnnotation@a0148aa5], resourceBasePath = "src/main/webapp", contextLoader = org.springframework.boot.test.context.SpringBootContextLoader, parent = null]
Caused by: org.springframework.beans.factory.UnsatisfiedDependencyException: Error creating bean with name 'welcomePageHandlerMapping' defined in class path resource [org/springframework/boot/autoconfigure/web/servlet/WebMvcAutoConfiguration$EnableWebMvcConfiguration.class]: Unsatisfied dependency expressed through method 'welcomePageHandlerMapping' parameter 1: Error creating bean with name 'mvcConversionService' defined in class path resource [org/springframework/boot/autoconfigure/web/servlet/WebMvcAutoConfiguration$EnableWebMvcConfiguration.class]: Failed to instantiate [org.springframework.format.support.FormattingConversionService]: Factory method 'mvcConversionService' threw exception with message: Error creating bean with name 'jsonSchemaConverter' defined in class path resource [org/springframework/data/rest/webmvc/config/RepositoryRestMvcConfiguration.class]: Unsatisfied dependency expressed through method 'jsonSchemaConverter' parameter 1: Error creating bean with name 'associationLinks' defined in class path resource [org/springframework/data/rest/webmvc/config/RepositoryRestMvcConfiguration.class]: Unsatisfied dependency expressed through method 'associationLinks' parameter 0: Error creating bean with name 'resourceMappings' defined in class path resource [org/springframework/data/rest/webmvc/config/RepositoryRestMvcConfiguration.class]: Unsatisfied dependency expressed through method 'resourceMappings' parameter 0: Error creating bean with name 'repositories' defined in class path resource [org/springframework/data/rest/webmvc/config/RepositoryRestMvcConfiguration.class]: Failed to instantiate [org.springframework.data.repository.support.Repositories]: Factory method 'repositories' threw exception with message: Error creating bean with name 'factuurRepository' defined in be.odisee.jzzz.dao.FactuurRepository defined in @EnableJpaRepositories declared on JpaRepositoriesRegistrar.EnableJpaRepositoriesConfiguration: Could not create query for public abstract java.util.Optional be.odisee.jzzz.dao.FactuurRepository.findByDatumBetween(java.util.Date,java.util.Date); Reason: Failed to create query for method public abstract java.util.Optional be.odisee.jzzz.dao.FactuurRepository.findByDatumBetween(java.util.Date,java.util.Date); Could not resolve attribute 'datum' of 'be.odisee.jzzz.domain.Factuur'
Caused by: org.springframework.beans.factory.BeanCreationException: Error creating bean with name 'mvcConversionService' defined in class path resource [org/springframework/boot/autoconfigure/web/servlet/WebMvcAutoConfiguration$EnableWebMvcConfiguration.class]: Failed to instantiate [org.springframework.format.support.FormattingConversionService]: Factory method 'mvcConversionService' threw exception with message: Error creating bean with name 'jsonSchemaConverter' defined in class path resource [org/springframework/data/rest/webmvc/config/RepositoryRestMvcConfiguration.class]: Unsatisfied dependency expressed through method 'jsonSchemaConverter' parameter 1: Error creating bean with name 'associationLinks' defined in class path resource [org/springframework/data/rest/webmvc/config/RepositoryRestMvcConfiguration.class]: Unsatisfied dependency expressed through method 'associationLinks' parameter 0: Error creating bean with name 'resourceMappings' defined in class path resource [org/springframework/data/rest/webmvc/config/RepositoryRestMvcConfiguration.class]: Unsatisfied dependency expressed through method 'resourceMappings' parameter 0: Error creating bean with name 'repositories' defined in class path resource [org/springframework/data/rest/webmvc/config/RepositoryRestMvcConfiguration.class]: Failed to instantiate [org.springframework.data.repository.support.Repositories]: Factory method 'repositories' threw exception with message: Error creating bean with name 'factuurRepository' defined in be.odisee.jzzz.dao.FactuurRepository defined in @EnableJpaRepositories declared on JpaRepositoriesRegistrar.EnableJpaRepositoriesConfiguration: Could not create query for public abstract java.util.Optional be.odisee.jzzz.dao.FactuurRepository.findByDatumBetween(java.util.Date,java.util.Date); Reason: Failed to create query for method public abstract java.util.Optional be.odisee.jzzz.dao.FactuurRepository.findByDatumBetween(java.util.Date,java.util.Date); Could not resolve attribute 'datum' of 'be.odisee.jzzz.domain.Factuur'
Caused by: org.springframework.beans.BeanInstantiationException: Failed to instantiate [org.springframework.format.support.FormattingConversionService]: Factory method 'mvcConversionService' threw exception with message: Error creating bean with name 'jsonSchemaConverter' defined in class path resource [org/springframework/data/rest/webmvc/config/RepositoryRestMvcConfiguration.class]: Unsatisfied dependency expressed through method 'jsonSchemaConverter' parameter 1: Error creating bean with name 'associationLinks' defined in class path resource [org/springframework/data/rest/webmvc/config/RepositoryRestMvcConfiguration.class]: Unsatisfied dependency expressed through method 'associationLinks' parameter 0: Error creating bean with name 'resourceMappings' defined in class path resource [org/springframework/data/rest/webmvc/config/RepositoryRestMvcConfiguration.class]: Unsatisfied dependency expressed through method 'resourceMappings' parameter 0: Error creating bean with name 'repositories' defined in class path resource [org/springframework/data/rest/webmvc/config/RepositoryRestMvcConfiguration.class]: Failed to instantiate [org.springframework.data.repository.support.Repositories]: Factory method 'repositories' threw exception with message: Error creating bean with name 'factuurRepository' defined in be.odisee.jzzz.dao.FactuurRepository defined in @EnableJpaRepositories declared on JpaRepositoriesRegistrar.EnableJpaRepositoriesConfiguration: Could not create query for public abstract java.util.Optional be.odisee.jzzz.dao.FactuurRepository.findByDatumBetween(java.util.Date,java.util.Date); Reason: Failed to create query for method public abstract java.util.Optional be.odisee.jzzz.dao.FactuurRepository.findByDatumBetween(java.util.Date,java.util.Date); Could not resolve attribute 'datum' of 'be.odisee.jzzz.domain.Factuur'
Caused by: org.springframework.beans.factory.UnsatisfiedDependencyException: Error creating bean with name 'jsonSchemaConverter' defined in class path resource [org/springframework/data/rest/webmvc/config/RepositoryRestMvcConfiguration.class]: Unsatisfied dependency expressed through method 'jsonSchemaConverter' parameter 1: Error creating bean with name 'associationLinks' defined in class path resource [org/springframework/data/rest/webmvc/config/RepositoryRestMvcConfiguration.class]: Unsatisfied dependency expressed through method 'associationLinks' parameter 0: Error creating bean with name 'resourceMappings' defined in class path resource [org/springframework/data/rest/webmvc/config/RepositoryRestMvcConfiguration.class]: Unsatisfied dependency expressed through method 'resourceMappings' parameter 0: Error creating bean with name 'repositories' defined in class path resource [org/springframework/data/rest/webmvc/config/RepositoryRestMvcConfiguration.class]: Failed to instantiate [org.springframework.data.repository.support.Repositories]: Factory method 'repositories' threw exception with message: Error creating bean with name 'factuurRepository' defined in be.odisee.jzzz.dao.FactuurRepository defined in @EnableJpaRepositories declared on JpaRepositoriesRegistrar.EnableJpaRepositoriesConfiguration: Could not create query for public abstract java.util.Optional be.odisee.jzzz.dao.FactuurRepository.findByDatumBetween(java.util.Date,java.util.Date); Reason: Failed to create query for method public abstract java.util.Optional be.odisee.jzzz.dao.FactuurRepository.findByDatumBetween(java.util.Date,java.util.Date); Could not resolve attribute 'datum' of 'be.odisee.jzzz.domain.Factuur'
Caused by: org.springframework.beans.factory.UnsatisfiedDependencyException: Error creating bean with name 'associationLinks' defined in class path resource [org/springframework/data/rest/webmvc/config/RepositoryRestMvcConfiguration.class]: Unsatisfied dependency expressed through method 'associationLinks' parameter 0: Error creating bean with name 'resourceMappings' defined in class path resource [org/springframework/data/rest/webmvc/config/RepositoryRestMvcConfiguration.class]: Unsatisfied dependency expressed through method 'resourceMappings' parameter 0: Error creating bean with name 'repositories' defined in class path resource [org/springframework/data/rest/webmvc/config/RepositoryRestMvcConfiguration.class]: Failed to instantiate [org.springframework.data.repository.support.Repositories]: Factory method 'repositories' threw exception with message: Error creating bean with name 'factuurRepository' defined in be.odisee.jzzz.dao.FactuurRepository defined in @EnableJpaRepositories declared on JpaRepositoriesRegistrar.EnableJpaRepositoriesConfiguration: Could not create query for public abstract java.util.Optional be.odisee.jzzz.dao.FactuurRepository.findByDatumBetween(java.util.Date,java.util.Date); Reason: Failed to create query for method public abstract java.util.Optional be.odisee.jzzz.dao.FactuurRepository.findByDatumBetween(java.util.Date,java.util.Date); Could not resolve attribute 'datum' of 'be.odisee.jzzz.domain.Factuur'
Caused by: org.springframework.beans.factory.UnsatisfiedDependencyException: Error creating bean with name 'resourceMappings' defined in class path resource [org/springframework/data/rest/webmvc/config/RepositoryRestMvcConfiguration.class]: Unsatisfied dependency expressed through method 'resourceMappings' parameter 0: Error creating bean with name 'repositories' defined in class path resource [org/springframework/data/rest/webmvc/config/RepositoryRestMvcConfiguration.class]: Failed to instantiate [org.springframework.data.repository.support.Repositories]: Factory method 'repositories' threw exception with message: Error creating bean with name 'factuurRepository' defined in be.odisee.jzzz.dao.FactuurRepository defined in @EnableJpaRepositories declared on JpaRepositoriesRegistrar.EnableJpaRepositoriesConfiguration: Could not create query for public abstract java.util.Optional be.odisee.jzzz.dao.FactuurRepository.findByDatumBetween(java.util.Date,java.util.Date); Reason: Failed to create query for method public abstract java.util.Optional be.odisee.jzzz.dao.FactuurRepository.findByDatumBetween(java.util.Date,java.util.Date); Could not resolve attribute 'datum' of 'be.odisee.jzzz.domain.Factuur'
Caused by: org.springframework.beans.factory.BeanCreationException: Error creating bean with name 'repositories' defined in class path resource [org/springframework/data/rest/webmvc/config/RepositoryRestMvcConfiguration.class]: Failed to instantiate [org.springframework.data.repository.support.Repositories]: Factory method 'repositories' threw exception with message: Error creating bean with name 'factuurRepository' defined in be.odisee.jzzz.dao.FactuurRepository defined in @EnableJpaRepositories declared on JpaRepositoriesRegistrar.EnableJpaRepositoriesConfiguration: Could not create query for public abstract java.util.Optional be.odisee.jzzz.dao.FactuurRepository.findByDatumBetween(java.util.Date,java.util.Date); Reason: Failed to create query for method public abstract java.util.Optional be.odisee.jzzz.dao.FactuurRepository.findByDatumBetween(java.util.Date,java.util.Date); Could not resolve attribute 'datum' of 'be.odisee.jzzz.domain.Factuur'
Caused by: org.springframework.beans.BeanInstantiationException: Failed to instantiate [org.springframework.data.repository.support.Repositories]: Factory method 'repositories' threw exception with message: Error creating bean with name 'factuurRepository' defined in be.odisee.jzzz.dao.FactuurRepository defined in @EnableJpaRepositories declared on JpaRepositoriesRegistrar.EnableJpaRepositoriesConfiguration: Could not create query for public abstract java.util.Optional be.odisee.jzzz.dao.FactuurRepository.findByDatumBetween(java.util.Date,java.util.Date); Reason: Failed to create query for method public abstract java.util.Optional be.odisee.jzzz.dao.FactuurRepository.findByDatumBetween(java.util.Date,java.util.Date); Could not resolve attribute 'datum' of 'be.odisee.jzzz.domain.Factuur'
Caused by: org.springframework.beans.factory.BeanCreationException: Error creating bean with name 'factuurRepository' defined in be.odisee.jzzz.dao.FactuurRepository defined in @EnableJpaRepositories declared on JpaRepositoriesRegistrar.EnableJpaRepositoriesConfiguration: Could not create query for public abstract java.util.Optional be.odisee.jzzz.dao.FactuurRepository.findByDatumBetween(java.util.Date,java.util.Date); Reason: Failed to create query for method public abstract java.util.Optional be.odisee.jzzz.dao.FactuurRepository.findByDatumBetween(java.util.Date,java.util.Date); Could not resolve attribute 'datum' of 'be.odisee.jzzz.domain.Factuur'
Caused by: org.springframework.data.repository.query.QueryCreationException: Could not create query for public abstract java.util.Optional be.odisee.jzzz.dao.FactuurRepository.findByDatumBetween(java.util.Date,java.util.Date); Reason: Failed to create query for method public abstract java.util.Optional be.odisee.jzzz.dao.FactuurRepository.findByDatumBetween(java.util.Date,java.util.Date); Could not resolve attribute 'datum' of 'be.odisee.jzzz.domain.Factuur'
Caused by: java.lang.IllegalArgumentException: Failed to create query for method public abstract java.util.Optional be.odisee.jzzz.dao.FactuurRepository.findByDatumBetween(java.util.Date,java.util.Date); Could not resolve attribute 'datum' of 'be.odisee.jzzz.domain.Factuur'
Caused by: org.hibernate.query.sqm.PathElementException: Could not resolve attribute 'datum' of 'be.odisee.jzzz.domain.Factuur'

