<?xml version="1.0" encoding="UTF-8"?>
<testng-results ignored="0" total="1" passed="1" failed="0" skipped="0">
  <reporter-output>
  </reporter-output>
  <suite started-at="2024-05-17T10:52:57 CEST" name="Surefire suite" finished-at="2024-05-17T10:52:57 CEST" duration-ms="62">
    <groups>
    </groups>
    <test started-at="2024-05-17T10:52:57 CEST" name="Surefire test" finished-at="2024-05-17T10:52:57 CEST" duration-ms="62">
      <class name="be.odisee.jzzz.JzzzLedenApplicationTests">
        <test-method signature="contextLoads()[pri:0, instance:be.odisee.jzzz.JzzzLedenApplicationTests@57c758ac]" started-at="2024-05-17T10:52:57 CEST" name="contextLoads" finished-at="2024-05-17T10:52:57 CEST" duration-ms="6" status="PASS">
          <reporter-output>
          </reporter-output>
        </test-method> <!-- contextLoads -->
      </class> <!-- be.odisee.jzzz.JzzzLedenApplicationTests -->
    </test> <!-- Surefire test -->
  </suite> <!-- Surefire suite -->
</testng-results>
